{
  "RSpec": {
    "coverage": {
      "/Users/kristina/code/collectionspace_migration_tools/lib/collectionspace_migration_tools.rb": {
        "lines": [
          null,
          null,
          1,
          null,
          1,
          null,
          null,
          1,
          1,
          null
        ],
        "branches": {
        }
      },
      "/Users/kristina/code/collectionspace_migration_tools/spec/helpers.rb": {
        "lines": [
          null,
          null,
          1,
          1,
          null,
          1,
          6,
          null,
          null,
          null,
          null,
          null,
          null,
          null
        ],
        "branches": {
        }
      },
      "/Users/kristina/code/collectionspace_migration_tools/spec/support/shared_contexts/temp_dir.rb": {
        "lines": [
          null,
          null,
          1,
          0,
          null,
          0,
          null,
          0,
          0,
          0,
          0,
          null,
          null
        ],
        "branches": {
        }
      },
      "/Users/kristina/code/collectionspace_migration_tools/lib/collectionspace_migration_tools/config_parser.rb": {
        "lines": [
          null,
          null,
          1,
          1,
          null,
          1,
          1,
          1,
          1,
          null,
          1,
          21,
          null,
          null,
          1,
          null,
          1,
          10,
          null,
          1,
          1,
          null,
          9,
          null,
          null,
          1,
          11,
          null,
          1,
          null,
          10,
          null,
          null,
          null,
          null
        ],
        "branches": {
        }
      },
      "/Users/kristina/code/collectionspace_migration_tools/spec/collectionspace_migration_tools/configuration_spec.rb": {
        "lines": [
          null,
          null,
          1,
          null,
          1,
          3,
          3,
          null,
          1,
          2,
          null,
          1,
          1,
          1,
          1,
          null,
          null,
          null,
          1,
          2,
          null,
          1,
          1,
          null,
          null,
          null,
          null,
          null,
          2,
          null,
          null,
          null,
          null
        ],
        "branches": {
        }
      },
      "/Users/kristina/code/collectionspace_migration_tools/lib/collectionspace_migration_tools/configuration.rb": {
        "lines": [
          null,
          null,
          1,
          1,
          null,
          1,
          1,
          1,
          1,
          null,
          1,
          2,
          2,
          1,
          1,
          null,
          null,
          null,
          1,
          null,
          1,
          1,
          1,
          1,
          1,
          1,
          null,
          null,
          1,
          1,
          2,
          4,
          null,
          null,
          null,
          1,
          2,
          2,
          2,
          null,
          null,
          1,
          2,
          2,
          null,
          1,
          null,
          null,
          null
        ],
        "branches": {
        }
      },
      "/Users/kristina/code/collectionspace_migration_tools/spec/collectionspace_migration_tools/validate/config_client_contract_spec.rb": {
        "lines": [
          null,
          null,
          1,
          null,
          1,
          1,
          2,
          null,
          null,
          null,
          null,
          null,
          null,
          3,
          null,
          1,
          2,
          null,
          1,
          1,
          null,
          null,
          null,
          1,
          2,
          null,
          1,
          1,
          null,
          null,
          null
        ],
        "branches": {
        }
      },
      "/Users/kristina/code/collectionspace_migration_tools/lib/collectionspace_migration_tools/validate/config_client_contract.rb": {
        "lines": [
          null,
          null,
          1,
          null,
          1,
          1,
          1,
          1,
          1,
          1,
          1,
          1,
          null,
          null,
          1,
          8,
          null,
          null,
          1,
          8,
          0,
          null,
          null,
          null,
          null,
          null
        ],
        "branches": {
          "[:unless, 0, 16, 8, 16, 99]": {
            "[:else, 1, 16, 8, 16, 99]": 4,
            "[:then, 2, 16, 8, 16, 56]": 4
          },
          "[:unless, 3, 20, 8, 22, 11]": {
            "[:else, 4, 20, 8, 22, 11]": 8,
            "[:then, 5, 21, 10, 21, 54]": 0
          }
        }
      },
      "/Users/kristina/code/collectionspace_migration_tools/lib/collectionspace_migration_tools/validate/application_contract.rb": {
        "lines": [
          null,
          null,
          1,
          null,
          1,
          1,
          null,
          1,
          1,
          null,
          null,
          null
        ],
        "branches": {
        }
      },
      "/Users/kristina/code/collectionspace_migration_tools/spec/collectionspace_migration_tools/validate/config_database_contract_spec.rb": {
        "lines": [
          null,
          null,
          1,
          null,
          1,
          3,
          null,
          1,
          2,
          null,
          1,
          1,
          null,
          null,
          null,
          1,
          1,
          1,
          1,
          1,
          1,
          null,
          null,
          1,
          1,
          null,
          null,
          null
        ],
        "branches": {
        }
      },
      "/Users/kristina/code/collectionspace_migration_tools/lib/collectionspace_migration_tools/validate/config_database_contract.rb": {
        "lines": [
          null,
          null,
          1,
          null,
          1,
          1,
          1,
          1,
          1,
          1,
          1,
          1,
          1,
          1,
          1,
          1,
          null,
          null,
          1,
          8,
          null,
          null,
          1,
          8,
          null,
          null,
          null,
          null
        ],
        "branches": {
          "[:if, 0, 20, 8, 20, 72]": {
            "[:then, 1, 20, 8, 20, 51]": 4,
            "[:else, 2, 20, 8, 20, 72]": 4
          },
          "[:unless, 3, 24, 8, 24, 72]": {
            "[:else, 4, 24, 8, 24, 72]": 6,
            "[:then, 5, 24, 8, 24, 47]": 2
          }
        }
      },
      "/Users/kristina/code/collectionspace_migration_tools/spec/collectionspace_migration_tools/validate/config_spec.rb": {
        "lines": [
          null,
          null,
          1,
          null,
          1,
          5,
          null,
          1,
          2,
          null,
          1,
          1,
          1,
          null,
          null,
          null,
          1,
          1,
          1,
          1,
          1,
          null,
          null,
          1,
          1,
          1,
          null,
          null,
          null,
          1,
          1,
          1,
          1,
          1,
          null,
          null,
          1,
          1,
          1,
          null,
          null,
          null,
          1,
          1,
          1,
          1,
          1,
          1,
          null,
          null,
          1,
          1,
          1,
          1,
          null,
          null,
          null
        ],
        "branches": {
        }
      },
      "/Users/kristina/code/collectionspace_migration_tools/lib/collectionspace_migration_tools/validate/config.rb": {
        "lines": [
          null,
          null,
          1,
          null,
          1,
          1,
          1,
          1,
          1,
          null,
          1,
          6,
          6,
          6,
          null,
          4,
          null,
          null,
          1,
          null,
          1,
          10,
          null,
          null,
          null,
          1,
          4,
          null,
          null,
          1,
          13,
          null,
          null,
          null,
          1,
          12,
          12,
          null,
          null,
          null,
          null,
          null
        ],
        "branches": {
          "[:if, 0, 14, 10, 14, 71]": {
            "[:then, 1, 14, 10, 14, 37]": 2,
            "[:else, 2, 14, 10, 14, 71]": 4
          }
        }
      },
      "/Users/kristina/code/collectionspace_migration_tools/lib/collectionspace_migration_tools/failure.rb": {
        "lines": [
          null,
          null,
          1,
          1,
          1,
          null,
          1,
          6,
          6,
          null,
          null,
          null
        ],
        "branches": {
        }
      }
    },
    "timestamp": 1644018603
  }
}
