{
  "RSpec": {
    "coverage": {
      "/Users/kristina/code/collectionspace_migration_tools/lib/collectionspace_migration_tools.rb": {
        "lines": [
          null,
          null,
          1,
          null,
          1,
          null,
          null,
          1,
          1,
          null
        ],
        "branches": {
        }
      },
      "/Users/kristina/code/collectionspace_migration_tools/spec/support/shared_contexts/temp_dir.rb": {
        "lines": [
          null,
          null,
          1,
          0,
          null,
          0,
          null,
          0,
          0,
          0,
          0,
          null,
          null
        ],
        "branches": {
        }
      },
      "/Users/kristina/code/collectionspace_migration_tools/lib/collectionspace_migration_tools/config_parser.rb": {
        "lines": [
          1,
          1,
          null,
          1,
          1,
          1,
          null,
          1,
          2,
          2,
          null,
          null,
          null,
          1,
          null,
          1,
          2,
          null,
          0,
          null,
          2,
          null,
          null,
          1,
          2,
          null,
          0,
          null,
          2,
          null,
          null,
          null
        ],
        "branches": {
        }
      },
      "/Users/kristina/code/collectionspace_migration_tools/spec/configuration_spec.rb": {
        "lines": [
          null,
          null,
          1,
          null,
          1,
          3,
          3,
          null,
          1,
          1,
          null,
          1,
          0,
          0,
          0,
          null,
          null,
          null,
          1,
          3,
          1,
          2,
          null,
          null,
          1,
          2,
          null,
          null,
          null,
          null
        ],
        "branches": {
        }
      },
      "/Users/kristina/code/collectionspace_migration_tools/lib/collectionspace_migration_tools/configuration.rb": {
        "lines": [
          1,
          1,
          1,
          null,
          1,
          1,
          1,
          1,
          null,
          1,
          2,
          2,
          0,
          2,
          null,
          null,
          null,
          1,
          null,
          1,
          2,
          2,
          2,
          2,
          2,
          null,
          null,
          1,
          0,
          0,
          0,
          null,
          null,
          null,
          1,
          2,
          2,
          null,
          0,
          null,
          null,
          null,
          null
        ],
        "branches": {
        }
      },
      "/Users/kristina/code/collectionspace_migration_tools/spec/validate/config_client_contract_spec.rb": {
        "lines": [
          null,
          null,
          1,
          null,
          1,
          1,
          0,
          null,
          null,
          null,
          null,
          null,
          null,
          1,
          null,
          1,
          1,
          1,
          0,
          null,
          null,
          null,
          1,
          1,
          0,
          null,
          1,
          0,
          null,
          null,
          null,
          null
        ],
        "branches": {
        }
      },
      "/Users/kristina/code/collectionspace_migration_tools/lib/collectionspace_migration_tools/validate/config_client_contract.rb": {
        "lines": [
          1,
          null,
          1,
          1,
          1,
          1,
          1,
          1,
          1,
          1,
          null,
          null,
          1,
          2,
          null,
          null,
          1,
          2,
          0,
          null,
          null,
          null,
          null,
          null
        ],
        "branches": {
          "[:unless, 0, 14, 8, 14, 99]": {
            "[:else, 1, 14, 8, 14, 99]": 0,
            "[:then, 2, 14, 8, 14, 56]": 2
          },
          "[:unless, 3, 18, 8, 20, 11]": {
            "[:else, 4, 18, 8, 20, 11]": 2,
            "[:then, 5, 19, 10, 19, 54]": 0
          }
        }
      },
      "/Users/kristina/code/collectionspace_migration_tools/lib/collectionspace_migration_tools/validate/application_contract.rb": {
        "lines": [
          1,
          null,
          1,
          1,
          null,
          1,
          1,
          null,
          null,
          null
        ],
        "branches": {
        }
      },
      "/Users/kristina/code/collectionspace_migration_tools/spec/validate/config_database_contract_spec.rb": {
        "lines": [
          null,
          null,
          1,
          null,
          1,
          1,
          0,
          null,
          null,
          null,
          null,
          null,
          null,
          null,
          1,
          null,
          1,
          1,
          1,
          0,
          null,
          null,
          null,
          1,
          1,
          0,
          null,
          1,
          0,
          null,
          null,
          null,
          null
        ],
        "branches": {
        }
      },
      "/Users/kristina/code/collectionspace_migration_tools/lib/collectionspace_migration_tools/validate/config_database_contract.rb": {
        "lines": [
          1,
          null,
          1,
          1,
          1,
          1,
          1,
          1,
          1,
          1,
          1,
          null,
          null,
          1,
          2,
          null,
          null,
          1,
          2,
          null,
          null,
          null,
          null
        ],
        "branches": {
          "[:if, 0, 15, 8, 15, 72]": {
            "[:then, 1, 15, 8, 15, 51]": 2,
            "[:else, 2, 15, 8, 15, 72]": 0
          },
          "[:unless, 3, 19, 8, 19, 72]": {
            "[:else, 4, 19, 8, 19, 72]": 0,
            "[:then, 5, 19, 8, 19, 47]": 2
          }
        }
      },
      "/Users/kristina/code/collectionspace_migration_tools/spec/validate/config_spec.rb": {
        "lines": [
          null,
          null,
          1,
          null,
          1,
          1,
          null,
          0,
          null,
          null,
          null,
          null,
          null,
          null,
          null,
          null,
          null,
          null,
          null,
          null,
          null,
          null,
          null,
          null,
          1,
          null,
          1,
          1,
          1,
          0,
          0,
          null,
          null,
          null,
          1,
          1,
          0,
          0,
          0,
          null,
          1,
          0,
          0,
          null,
          null,
          null,
          1,
          1,
          0,
          0,
          0,
          null,
          1,
          0,
          0,
          null,
          null,
          null,
          1,
          1,
          0,
          0,
          0,
          0,
          null,
          1,
          0,
          0,
          null,
          null,
          null,
          null
        ],
        "branches": {
        }
      },
      "/Users/kristina/code/collectionspace_migration_tools/lib/collectionspace_migration_tools/validate/config.rb": {
        "lines": [
          1,
          null,
          1,
          1,
          1,
          1,
          null,
          1,
          2,
          2,
          2,
          null,
          2,
          null,
          null,
          1,
          null,
          1,
          6,
          null,
          null,
          1,
          6,
          null,
          null,
          1,
          10,
          null,
          null,
          1,
          4,
          4,
          null,
          null,
          null,
          null,
          null
        ],
        "branches": {
          "[:if, 0, 11, 8, 11, 69]": {
            "[:then, 1, 11, 8, 11, 35]": 0,
            "[:else, 2, 11, 8, 11, 69]": 2
          }
        }
      },
      "/Users/kristina/code/collectionspace_migration_tools/lib/collectionspace_migration_tools/failure.rb": {
        "lines": [
          1,
          1,
          1,
          1,
          2,
          null,
          null,
          null
        ],
        "branches": {
        }
      }
    },
    "timestamp": 1643919296
  }
}
